#
# Copyright 2016-2017 The Reaktivity Project
#
# The Reaktivity Project licenses this file to you under the Apache License,
# version 2.0 (the "License"); you may not use this file except in compliance
# with the License. You may obtain a copy of the License at:
#
#   http://www.apache.org/licenses/LICENSE-2.0
#
# Unless required by applicable law or agreed to in writing, software
# distributed under the License is distributed on an "AS IS" BASIS, WITHOUT
# WARRANTIES OR CONDITIONS OF ANY KIND, either express or implied. See the
# License for the specific language governing permissions and limitations
# under the License.
#

property newServerAcceptRef ${nukleus:newRouteRef()} # external scope
property newServerConnectRef ${nukleus:newRouteRef()} # external scope

property nukleiUR020001C ${nuklei:directory("target/nukleus-itests").controlCapacity(1024, 1024)}

property controlUR020001C ${nukleiUR020001C.control("http-cache")}

connect await ROUTED_SERVER
        "agrona://stream/bidirectional"
        option agrona:reader ${agrona:broadcastReceiver(controlUR020001C.controller)}
        option agrona:writer ${agrona:manyToOneWriter(controlUR020001C.nukleus)}

connected

write 0x00000002
write ${controlUR020001C.nextCorrelationId()}
write [0x00]
write [0x06] "source"
write ${newServerAcceptRef}
write [0x06] "target"
write ${newServerConnectRef}
write flush

read 0x40000002
read ${controlUR020001C.correlationId()}

close
closed
