#
# Copyright 2016-2017 The Reaktivity Project
#
# The Reaktivity Project licenses this file to you under the Apache License,
# version 2.0 (the "License"); you may not use this file except in compliance
# with the License. You may obtain a copy of the License at:
#
#   http://www.apache.org/licenses/LICENSE-2.0
#
# Unless required by applicable law or agreed to in writing, software
# distributed under the License is distributed on an "AS IS" BASIS, WITHOUT
# WARRANTIES OR CONDITIONS OF ANY KIND, either express or implied. See the
# License for the specific language governing permissions and limitations
# under the License.
#

property newSourceInputRef ${nuklei:newReferenceId()} # external scope

property nuklei ${nuklei:directory("target/nukleus-itests").streamsCapacity(1024 * 1024, 64 * 1024)}

property sourceInput ${nuklei.streams("http-cache", "source")}
property sourceOutputEst ${nuklei.streams("source", "http-cache#source")}

property newSourceInputId ${nuklei:newStreamId()}
property newSourceCorrelationId ${nuklei:newCorrelationId()}

connect await ROUTED_OUTPUT
        agrona://stream/bidirectional
        option reader ${agrona:oneToOneReader(sourceInput.throttle)}
        option writer ${agrona:oneToOneWriter(sourceInput.buffer)}
connected

write [0x00 0x00 0x00 0x01]
      ${newSourceInputId}
      ${newSourceInputRef}
      ${newSourceCorrelationId}
      [0x00] [0x07] ":scheme" [0x04] "http"
      [0x00] [0x07] ":method" [0x03] "GET"
      [0x00] [0x05] ":path" [0x05] "/path"
      [0x00] [0x0a] ":authority" [0x0e] "localhost:8080"
write flush

write [0x00 0x00 0x00 0x03]
      ${newSourceInputId}
write flush

close
closed

connect await ROUTED_OUTPUT
        agrona://stream/bidirectional
        option reader ${agrona:oneToOneReader(sourceOutputEst.buffer)}
        option writer ${agrona:oneToOneWriter(sourceOutputEst.throttle)}
connected

read [0x00 0x00 0x00 0x01]
     ([0..8]:sourceOutputEstId)
     [0x00 0x00 0x00 0x00 0x00 0x00 0x00 0x00]
     ${newSourceCorrelationId}
     [0x00] [0x07] ":status" [0x03] "200"
     [0x00] [0x0c] "content-type" [0x11] "text/event-stream"

write [0x40 0x00 0x00 0x02]
      ${sourceOutputEstId}
      [0x00 0x02 0x00 0x00]
write flush
