#
# Copyright 2016-2017 The Reaktivity Project
#
# The Reaktivity Project licenses this file to you under the Apache License,
# version 2.0 (the "License"); you may not use this file except in compliance
# with the License. You may obtain a copy of the License at:
#
#   http://www.apache.org/licenses/LICENSE-2.0
#
# Unless required by applicable law or agreed to in writing, software
# distributed under the License is distributed on an "AS IS" BASIS, WITHOUT
# WARRANTIES OR CONDITIONS OF ANY KIND, either express or implied. See the
# License for the specific language governing permissions and limitations
# under the License.
#

property newTargetInputRef ${nuklei:newReferenceId()} # external scope

property nukleiRG010000C ${nuklei:directory("target/nukleus-itests").controlCapacity(1024, 1024)}

property controlRG010000C ${nukleiRG010000C.control("http-cache")}

connect "agrona://stream/bidirectional"
        option agrona:reader ${agrona:broadcastReceiver(controlRG010000C.controller)}
        option agrona:writer ${agrona:manyToOneWriter(controlRG010000C.nukleus)}

connected

write [0x00 0x00 0x00 0x01]
write ${controlRG010000C.nextCorrelationId()}
write [0x00 0x00]
write [0x06] "source"
write [0x00 0x00 0x00 0x00 0x00 0x00 0x00 0x00]
write [0x06] "target"
write ${newTargetInputRef}
write [0x0c] "sub-protocol"
write flush

read [0x40 0x00 0x00 0x01]
read ${controlRG010000C.correlationId()}
read ([0..8]:newSourceInputRef)

read notify ROUTED_INPUT

close
closed
